2022-04-01 10:43:11 [] [restartedMain] [INFO ] [c.lotterental.rng.RngDemoApplication] - Starting RngDemoApplication using Java 11.0.14 on DESKTOP-CU9H7MP with PID 26316 (C:\Users\byun\Documents\rng\project\rng-proj\rng-demo\build\classes\java\main started by byun in C:\Users\byun\Documents\rng\project\rng-proj) 
2022-04-01 10:43:11 [] [restartedMain] [DEBUG] [c.lotterental.rng.RngDemoApplication] - Running with Spring Boot v2.6.4, Spring v5.3.16 
2022-04-01 10:43:11 [] [restartedMain] [INFO ] [c.lotterental.rng.RngDemoApplication] - The following 1 profile is active: "local" 
2022-04-01 10:43:11 [] [restartedMain] [INFO ] [o.s.b.d.e.DevToolsPropertyDefaultsPostProcessor] - Devtools property defaults active! Set 'spring.devtools.add-properties' to 'false' to disable 
2022-04-01 10:43:11 [] [restartedMain] [INFO ] [o.s.b.d.e.DevToolsPropertyDefaultsPostProcessor] - For additional web related logging consider setting the 'logging.level.web' property to 'DEBUG' 
2022-04-01 10:43:16 [] [restartedMain] [DEBUG] [o.m.s.b.a.MybatisAutoConfiguration] - Searching for mappers annotated with @Mapper 
2022-04-01 10:43:16 [] [restartedMain] [DEBUG] [o.m.s.b.a.MybatisAutoConfiguration] - Using auto-configuration base package 'com.lotterental.rng' 
2022-04-01 10:43:16 [] [restartedMain] [INFO ] [o.s.d.r.c.RepositoryConfigurationDelegate] - Bootstrapping Spring Data JDBC repositories in DEFAULT mode. 
2022-04-01 10:43:17 [] [restartedMain] [INFO ] [o.s.d.r.c.RepositoryConfigurationDelegate] - Finished Spring Data repository scanning in 299 ms. Found 0 JDBC repository interfaces. 
2022-04-01 10:43:17 [] [restartedMain] [DEBUG] [org.apache.ibatis.logging.LogFactory] - Logging initialized using 'class org.apache.ibatis.logging.slf4j.Slf4jImpl' adapter. 
2022-04-01 10:43:18 [] [restartedMain] [DEBUG] [o.m.s.mapper.ClassPathMapperScanner] - Identified candidate component class: file [C:\Users\byun\Documents\rng\project\rng-proj\rng-demo\build\classes\java\main\com\lotterental\rng\demo\mapper\SampleMapper.class] 
2022-04-01 10:43:18 [] [restartedMain] [DEBUG] [o.m.s.mapper.ClassPathMapperScanner] - Creating MapperFactoryBean with name 'sampleMapper' and 'com.lotterental.rng.demo.mapper.SampleMapper' mapperInterface 
2022-04-01 10:43:18 [] [restartedMain] [DEBUG] [o.m.s.mapper.ClassPathMapperScanner] - Enabling autowire by type for MapperFactoryBean with name 'sampleMapper'. 
2022-04-01 10:43:19 [] [restartedMain] [INFO ] [o.s.c.s.PostProcessorRegistrationDelegate$BeanPostProcessorChecker] - Bean 'DBConfig' of type [com.lotterental.rng.config.DBConfig$$EnhancerBySpringCGLIB$$ed0204c6] is not eligible for getting processed by all BeanPostProcessors (for example: not eligible for auto-proxying) 
2022-04-01 10:43:19 [] [restartedMain] [DEBUG] [com.zaxxer.hikari.HikariConfig] - Driver class org.hsqldb.jdbc.JDBCDriver found in Thread context class loader org.springframework.boot.devtools.restart.classloader.RestartClassLoader@325d6d93 
2022-04-01 10:43:19 [] [restartedMain] [INFO ] [o.s.c.s.PostProcessorRegistrationDelegate$BeanPostProcessorChecker] - Bean 'dataSource' of type [com.zaxxer.hikari.HikariDataSource] is not eligible for getting processed by all BeanPostProcessors (for example: not eligible for auto-proxying) 
2022-04-01 10:43:19 [] [restartedMain] [INFO ] [o.s.c.s.PostProcessorRegistrationDelegate$BeanPostProcessorChecker] - Bean 'transactionManager' of type [org.springframework.jdbc.datasource.DataSourceTransactionManager] is not eligible for getting processed by all BeanPostProcessors (for example: not eligible for auto-proxying) 
2022-04-01 10:43:19 [] [restartedMain] [INFO ] [o.s.c.s.PostProcessorRegistrationDelegate$BeanPostProcessorChecker] - Bean 'TRConfig' of type [com.lotterental.rng.config.TRConfig$$EnhancerBySpringCGLIB$$810ec6c6] is not eligible for getting processed by all BeanPostProcessors (for example: not eligible for auto-proxying) 
2022-04-01 10:43:19 [] [restartedMain] [INFO ] [o.s.c.s.PostProcessorRegistrationDelegate$BeanPostProcessorChecker] - Bean 'transactionAdvice' of type [org.springframework.transaction.interceptor.TransactionInterceptor] is not eligible for getting processed by all BeanPostProcessors (for example: not eligible for auto-proxying) 
2022-04-01 10:43:19 [] [restartedMain] [INFO ] [o.s.c.s.PostProcessorRegistrationDelegate$BeanPostProcessorChecker] - Bean 'transactionAdvisor' of type [org.springframework.aop.support.DefaultPointcutAdvisor] is not eligible for getting processed by all BeanPostProcessors (for example: not eligible for auto-proxying) 
2022-04-01 10:43:21 [] [restartedMain] [INFO ] [o.s.b.w.e.tomcat.TomcatWebServer] - Tomcat initialized with port(s): 8080 (http) 
2022-04-01 10:43:21 [] [restartedMain] [INFO ] [o.a.coyote.http11.Http11NioProtocol] - Initializing ProtocolHandler ["http-nio-8080"] 
2022-04-01 10:43:21 [] [restartedMain] [INFO ] [o.a.catalina.core.StandardService] - Starting service [Tomcat] 
2022-04-01 10:43:21 [] [restartedMain] [INFO ] [o.a.catalina.core.StandardEngine] - Starting Servlet engine: [Apache Tomcat/9.0.58] 
2022-04-01 10:43:23 [] [restartedMain] [INFO ] [org.apache.jasper.servlet.TldScanner] - At least one JAR was scanned for TLDs yet contained no TLDs. Enable debug logging for this logger for a complete list of JARs that were scanned but no TLDs were found in them. Skipping unneeded JARs during scanning can improve startup time and JSP compilation time. 
2022-04-01 10:43:23 [] [restartedMain] [INFO ] [o.a.c.c.C.[Tomcat].[localhost].[/]] - Initializing Spring embedded WebApplicationContext 
2022-04-01 10:43:23 [] [restartedMain] [INFO ] [o.s.b.w.s.c.ServletWebServerApplicationContext] - Root WebApplicationContext: initialization completed in 12021 ms 
2022-04-01 10:43:24 [] [restartedMain] [DEBUG] [o.m.spring.SqlSessionFactoryBean] - Parsed configuration file: 'class path resource [mybatis-config.xml]' 
2022-04-01 10:43:24 [] [restartedMain] [DEBUG] [o.m.spring.SqlSessionFactoryBean] - Parsed mapper file: 'file [C:\Users\byun\Documents\rng\project\rng-proj\rng-demo\build\resources\main\mapper\Sample.xml]' 
2022-04-01 10:43:24 [] [restartedMain] [DEBUG] [o.m.spring.SqlSessionFactoryBean] - Parsed mapper file: 'file [C:\Users\byun\Documents\rng\project\rng-proj\rng-demo\build\resources\main\mapper\TestDB.xml]' 
2022-04-01 10:43:25 [] [restartedMain] [DEBUG] [_.s.w.s.HandlerMapping.Mappings] - 
	c.l.r.d.c.SampleController:
	{ [/echo]}: echo(Map)
	{ [/selectSampleList.do]}: selectSampleList(Map)
	{ [/updateSampleList.do]}: updateSampleList(List,Locale) 
2022-04-01 10:43:25 [] [restartedMain] [DEBUG] [_.s.w.s.HandlerMapping.Mappings] - 
	o.s.b.a.w.s.e.BasicErrorController:
	{ [/error]}: error(HttpServletRequest)
	{ [/error], produces [text/html]}: errorHtml(HttpServletRequest,HttpServletResponse) 
2022-04-01 10:43:25 [] [restartedMain] [DEBUG] [_.s.w.s.HandlerMapping.Mappings] - 'viewControllerHandlerMapping' {/=ParameterizableViewController [view="forward:/index.html"]} 
2022-04-01 10:43:25 [] [restartedMain] [DEBUG] [_.s.w.s.HandlerMapping.Mappings] - 'beanNameHandlerMapping' {} 
2022-04-01 10:43:25 [] [restartedMain] [DEBUG] [_.s.w.s.HandlerMapping.Mappings] - 'resourceHandlerMapping' {/_resource_/**=ResourceHttpRequestHandler [classpath [static/sample/_resource_/]], /FrameBase/**=ResourceHttpRequestHandler [classpath [static/sample/FrameBase/]], /nexacro17lib/**=ResourceHttpRequestHandler [classpath [static/sample/nexacro17lib/]], /*.json=ResourceHttpRequestHandler [classpath [static/sample/]], /*.html=ResourceHttpRequestHandler [classpath [static/sample/]], /*.js=ResourceHttpRequestHandler [classpath [static/sample/]]} 
2022-04-01 10:43:25 [] [restartedMain] [DEBUG] [_.s.w.s.HandlerMapping.Mappings] - 'defaultServletHandlerMapping' {/**=org.springframework.web.servlet.resource.DefaultServletHttpRequestHandler@756ef2ae} 
2022-04-01 10:43:26 [] [restartedMain] [DEBUG] [c.n.u.s.c.r.NexacroMethodArgumentResolver] - NexacroMethodArgumnetResolver() com.nexacro.uiadapter17.spring.core.resolve.NexacroMethodArgumentResolver@3c0be717 
2022-04-01 10:43:26 [] [restartedMain] [DEBUG] [o.m.s.b.a.MybatisAutoConfiguration] - Not found configuration for registering mapper bean using @MapperScan, MapperFactoryBean and MapperScannerConfigurer. 
2022-04-01 10:43:27 [] [restartedMain] [DEBUG] [com.zaxxer.hikari.HikariConfig] - HikariPool-1 - configuration: 
2022-04-01 10:43:27 [] [restartedMain] [DEBUG] [com.zaxxer.hikari.HikariConfig] - allowPoolSuspension................................false 
2022-04-01 10:43:27 [] [restartedMain] [DEBUG] [com.zaxxer.hikari.HikariConfig] - autoCommit................................true 
2022-04-01 10:43:27 [] [restartedMain] [DEBUG] [com.zaxxer.hikari.HikariConfig] - catalog................................none 
2022-04-01 10:43:27 [] [restartedMain] [DEBUG] [com.zaxxer.hikari.HikariConfig] - connectionInitSql................................none 
2022-04-01 10:43:27 [] [restartedMain] [DEBUG] [com.zaxxer.hikari.HikariConfig] - connectionTestQuery................................"SELECT 1 FROM INFORMATION_SCHEMA.SYSTEM_USERS" 
2022-04-01 10:43:27 [] [restartedMain] [DEBUG] [com.zaxxer.hikari.HikariConfig] - connectionTimeout................................30000 
2022-04-01 10:43:27 [] [restartedMain] [DEBUG] [com.zaxxer.hikari.HikariConfig] - dataSource................................none 
2022-04-01 10:43:27 [] [restartedMain] [DEBUG] [com.zaxxer.hikari.HikariConfig] - dataSourceClassName................................none 
2022-04-01 10:43:27 [] [restartedMain] [DEBUG] [com.zaxxer.hikari.HikariConfig] - dataSourceJNDI................................none 
2022-04-01 10:43:27 [] [restartedMain] [DEBUG] [com.zaxxer.hikari.HikariConfig] - dataSourceProperties................................{password=<masked>} 
2022-04-01 10:43:27 [] [restartedMain] [DEBUG] [com.zaxxer.hikari.HikariConfig] - driverClassName................................"org.hsqldb.jdbc.JDBCDriver" 
2022-04-01 10:43:27 [] [restartedMain] [DEBUG] [com.zaxxer.hikari.HikariConfig] - exceptionOverrideClassName................................none 
2022-04-01 10:43:27 [] [restartedMain] [DEBUG] [com.zaxxer.hikari.HikariConfig] - healthCheckProperties................................{} 
2022-04-01 10:43:27 [] [restartedMain] [DEBUG] [com.zaxxer.hikari.HikariConfig] - healthCheckRegistry................................none 
2022-04-01 10:43:27 [] [restartedMain] [DEBUG] [com.zaxxer.hikari.HikariConfig] - idleTimeout................................30000 
2022-04-01 10:43:27 [] [restartedMain] [DEBUG] [com.zaxxer.hikari.HikariConfig] - initializationFailTimeout................................1 
2022-04-01 10:43:27 [] [restartedMain] [DEBUG] [com.zaxxer.hikari.HikariConfig] - isolateInternalQueries................................false 
2022-04-01 10:43:27 [] [restartedMain] [DEBUG] [com.zaxxer.hikari.HikariConfig] - jdbcUrl................................jdbc:hsqldb:mem:testdb;DB_CLOSE_DELAY=-1 
2022-04-01 10:43:27 [] [restartedMain] [DEBUG] [com.zaxxer.hikari.HikariConfig] - keepaliveTime................................0 
2022-04-01 10:43:27 [] [restartedMain] [DEBUG] [com.zaxxer.hikari.HikariConfig] - leakDetectionThreshold................................48000 
2022-04-01 10:43:27 [] [restartedMain] [DEBUG] [com.zaxxer.hikari.HikariConfig] - maxLifetime................................1800000 
2022-04-01 10:43:27 [] [restartedMain] [DEBUG] [com.zaxxer.hikari.HikariConfig] - maximumPoolSize................................50 
2022-04-01 10:43:27 [] [restartedMain] [DEBUG] [com.zaxxer.hikari.HikariConfig] - metricRegistry................................none 
2022-04-01 10:43:27 [] [restartedMain] [DEBUG] [com.zaxxer.hikari.HikariConfig] - metricsTrackerFactory................................none 
2022-04-01 10:43:27 [] [restartedMain] [DEBUG] [com.zaxxer.hikari.HikariConfig] - minimumIdle................................5 
2022-04-01 10:43:27 [] [restartedMain] [DEBUG] [com.zaxxer.hikari.HikariConfig] - password................................<masked> 
2022-04-01 10:43:27 [] [restartedMain] [DEBUG] [com.zaxxer.hikari.HikariConfig] - poolName................................"HikariPool-1" 
2022-04-01 10:43:27 [] [restartedMain] [DEBUG] [com.zaxxer.hikari.HikariConfig] - readOnly................................false 
2022-04-01 10:43:27 [] [restartedMain] [DEBUG] [com.zaxxer.hikari.HikariConfig] - registerMbeans................................false 
2022-04-01 10:43:27 [] [restartedMain] [DEBUG] [com.zaxxer.hikari.HikariConfig] - scheduledExecutor................................none 
2022-04-01 10:43:27 [] [restartedMain] [DEBUG] [com.zaxxer.hikari.HikariConfig] - schema................................none 
2022-04-01 10:43:27 [] [restartedMain] [DEBUG] [com.zaxxer.hikari.HikariConfig] - threadFactory................................internal 
2022-04-01 10:43:27 [] [restartedMain] [DEBUG] [com.zaxxer.hikari.HikariConfig] - transactionIsolation................................default 
2022-04-01 10:43:27 [] [restartedMain] [DEBUG] [com.zaxxer.hikari.HikariConfig] - username................................"sa" 
2022-04-01 10:43:27 [] [restartedMain] [DEBUG] [com.zaxxer.hikari.HikariConfig] - validationTimeout................................5000 
2022-04-01 10:43:27 [] [restartedMain] [INFO ] [com.zaxxer.hikari.HikariDataSource] - HikariPool-1 - Starting... 
2022-04-01 10:43:28 [] [restartedMain] [INFO ] [com.zaxxer.hikari.pool.PoolBase] - HikariPool-1 - Driver does not support get/set network timeout for connections. (feature not supported) 
2022-04-01 10:43:28 [] [restartedMain] [DEBUG] [com.zaxxer.hikari.pool.HikariPool] - HikariPool-1 - Added connection org.hsqldb.jdbc.JDBCConnection@50f2c919 
2022-04-01 10:43:28 [] [restartedMain] [INFO ] [com.zaxxer.hikari.HikariDataSource] - HikariPool-1 - Start completed. 
2022-04-01 10:43:28 [] [HikariPool-1 housekeeper] [DEBUG] [com.zaxxer.hikari.pool.HikariPool] - HikariPool-1 - Before cleanup stats (total=1, active=1, idle=0, waiting=0) 
2022-04-01 10:43:28 [] [HikariPool-1 housekeeper] [DEBUG] [com.zaxxer.hikari.pool.HikariPool] - HikariPool-1 - After cleanup  stats (total=1, active=1, idle=0, waiting=0) 
2022-04-01 10:43:28 [] [HikariPool-1 connection adder] [DEBUG] [com.zaxxer.hikari.pool.HikariPool] - HikariPool-1 - Added connection org.hsqldb.jdbc.JDBCConnection@faf2856 
2022-04-01 10:43:28 [] [HikariPool-1 connection adder] [DEBUG] [com.zaxxer.hikari.pool.HikariPool] - HikariPool-1 - Added connection org.hsqldb.jdbc.JDBCConnection@4e92226d 
2022-04-01 10:43:28 [] [HikariPool-1 connection adder] [DEBUG] [com.zaxxer.hikari.pool.HikariPool] - HikariPool-1 - Added connection org.hsqldb.jdbc.JDBCConnection@7f1609d5 
2022-04-01 10:43:28 [] [HikariPool-1 connection adder] [DEBUG] [com.zaxxer.hikari.pool.HikariPool] - HikariPool-1 - Added connection org.hsqldb.jdbc.JDBCConnection@2ebddd22 
2022-04-01 10:43:28 [] [HikariPool-1 connection adder] [DEBUG] [com.zaxxer.hikari.pool.HikariPool] - HikariPool-1 - Added connection org.hsqldb.jdbc.JDBCConnection@3ace181 
2022-04-01 10:43:28 [] [HikariPool-1 connection adder] [DEBUG] [com.zaxxer.hikari.pool.HikariPool] - HikariPool-1 - After adding stats (total=6, active=1, idle=5, waiting=0) 
2022-04-01 10:43:39 [] [restartedMain] [INFO ] [o.s.b.d.a.OptionalLiveReloadServer] - LiveReload server is running on port 35729 
2022-04-01 10:43:39 [] [restartedMain] [INFO ] [o.a.coyote.http11.Http11NioProtocol] - Starting ProtocolHandler ["http-nio-8080"] 
2022-04-01 10:43:39 [] [restartedMain] [INFO ] [o.s.b.w.e.tomcat.TomcatWebServer] - Tomcat started on port(s): 8080 (http) with context path '' 
2022-04-01 10:43:39 [] [restartedMain] [INFO ] [c.lotterental.rng.RngDemoApplication] - Started RngDemoApplication in 31.733 seconds (JVM running for 50.265) 
2022-04-01 10:43:58 [] [HikariPool-1 housekeeper] [DEBUG] [com.zaxxer.hikari.pool.HikariPool] - HikariPool-1 - Before cleanup stats (total=6, active=0, idle=6, waiting=0) 
2022-04-01 10:43:58 [] [HikariPool-1 housekeeper] [DEBUG] [com.zaxxer.hikari.pool.HikariPool] - HikariPool-1 - After cleanup  stats (total=6, active=0, idle=6, waiting=0) 
2022-04-01 10:43:58 [] [HikariPool-1 housekeeper] [DEBUG] [com.zaxxer.hikari.pool.HikariPool] - HikariPool-1 - Fill pool skipped, pool is at sufficient level. 
2022-04-01 10:44:28 [] [HikariPool-1 housekeeper] [DEBUG] [com.zaxxer.hikari.pool.HikariPool] - HikariPool-1 - Before cleanup stats (total=6, active=0, idle=6, waiting=0) 
2022-04-01 10:44:28 [] [HikariPool-1 housekeeper] [DEBUG] [com.zaxxer.hikari.pool.HikariPool] - HikariPool-1 - After cleanup  stats (total=5, active=0, idle=5, waiting=0) 
2022-04-01 10:44:28 [] [HikariPool-1 connection closer] [DEBUG] [com.zaxxer.hikari.pool.PoolBase] - HikariPool-1 - Closing connection org.hsqldb.jdbc.JDBCConnection@3ace181: (connection has passed idleTimeout) 
2022-04-01 10:44:28 [] [HikariPool-1 housekeeper] [DEBUG] [com.zaxxer.hikari.pool.HikariPool] - HikariPool-1 - Fill pool skipped, pool is at sufficient level. 
2022-04-01 10:44:28 [] [HikariPool-1 connection closer] [DEBUG] [com.zaxxer.hikari.pool.HikariPool] - HikariPool-1 - Fill pool skipped, pool is at sufficient level. 
2022-04-01 10:44:58 [] [HikariPool-1 housekeeper] [DEBUG] [com.zaxxer.hikari.pool.HikariPool] - HikariPool-1 - Before cleanup stats (total=5, active=0, idle=5, waiting=0) 
2022-04-01 10:44:58 [] [HikariPool-1 housekeeper] [DEBUG] [com.zaxxer.hikari.pool.HikariPool] - HikariPool-1 - After cleanup  stats (total=5, active=0, idle=5, waiting=0) 
2022-04-01 10:44:58 [] [HikariPool-1 housekeeper] [DEBUG] [com.zaxxer.hikari.pool.HikariPool] - HikariPool-1 - Fill pool skipped, pool is at sufficient level. 
2022-04-01 10:45:19 [] [SpringApplicationShutdownHook] [INFO ] [com.zaxxer.hikari.HikariDataSource] - HikariPool-1 - Shutdown initiated... 
2022-04-01 10:45:19 [] [SpringApplicationShutdownHook] [DEBUG] [com.zaxxer.hikari.pool.HikariPool] - HikariPool-1 - Before shutdown stats (total=5, active=0, idle=5, waiting=0) 
2022-04-01 10:45:19 [] [HikariPool-1 connection closer] [DEBUG] [com.zaxxer.hikari.pool.PoolBase] - HikariPool-1 - Closing connection org.hsqldb.jdbc.JDBCConnection@50f2c919: (connection evicted) 
2022-04-01 10:45:19 [] [HikariPool-1 connection closer] [DEBUG] [com.zaxxer.hikari.pool.PoolBase] - HikariPool-1 - Closing connection org.hsqldb.jdbc.JDBCConnection@faf2856: (connection evicted) 
2022-04-01 10:45:19 [] [HikariPool-1 connection closer] [DEBUG] [com.zaxxer.hikari.pool.PoolBase] - HikariPool-1 - Closing connection org.hsqldb.jdbc.JDBCConnection@4e92226d: (connection evicted) 
2022-04-01 10:45:19 [] [HikariPool-1 connection closer] [DEBUG] [com.zaxxer.hikari.pool.PoolBase] - HikariPool-1 - Closing connection org.hsqldb.jdbc.JDBCConnection@7f1609d5: (connection evicted) 
2022-04-01 10:45:19 [] [HikariPool-1 connection closer] [DEBUG] [com.zaxxer.hikari.pool.PoolBase] - HikariPool-1 - Closing connection org.hsqldb.jdbc.JDBCConnection@2ebddd22: (connection evicted) 
2022-04-01 10:45:19 [] [SpringApplicationShutdownHook] [DEBUG] [com.zaxxer.hikari.pool.HikariPool] - HikariPool-1 - After shutdown stats (total=0, active=0, idle=0, waiting=0) 
2022-04-01 10:45:19 [] [SpringApplicationShutdownHook] [INFO ] [com.zaxxer.hikari.HikariDataSource] - HikariPool-1 - Shutdown completed. 
2022-04-01 10:45:52 [] [restartedMain] [INFO ] [c.lotterental.rng.RngDemoApplication] - Starting RngDemoApplication using Java 11.0.14 on DESKTOP-CU9H7MP with PID 13260 (C:\Users\byun\Documents\rng\project\rng-proj\rng-demo\build\classes\java\main started by byun in C:\Users\byun\Documents\rng\project\rng-proj) 
2022-04-01 10:45:52 [] [restartedMain] [DEBUG] [c.lotterental.rng.RngDemoApplication] - Running with Spring Boot v2.6.4, Spring v5.3.16 
2022-04-01 10:45:52 [] [restartedMain] [INFO ] [c.lotterental.rng.RngDemoApplication] - The following 1 profile is active: "local" 
2022-04-01 10:45:52 [] [restartedMain] [INFO ] [o.s.b.d.e.DevToolsPropertyDefaultsPostProcessor] - Devtools property defaults active! Set 'spring.devtools.add-properties' to 'false' to disable 
2022-04-01 10:45:52 [] [restartedMain] [INFO ] [o.s.b.d.e.DevToolsPropertyDefaultsPostProcessor] - For additional web related logging consider setting the 'logging.level.web' property to 'DEBUG' 
2022-04-01 10:45:57 [] [restartedMain] [DEBUG] [o.m.s.b.a.MybatisAutoConfiguration] - Searching for mappers annotated with @Mapper 
2022-04-01 10:45:57 [] [restartedMain] [DEBUG] [o.m.s.b.a.MybatisAutoConfiguration] - Using auto-configuration base package 'com.lotterental.rng' 
2022-04-01 10:45:57 [] [restartedMain] [INFO ] [o.s.d.r.c.RepositoryConfigurationDelegate] - Bootstrapping Spring Data JDBC repositories in DEFAULT mode. 
2022-04-01 10:45:58 [] [restartedMain] [INFO ] [o.s.d.r.c.RepositoryConfigurationDelegate] - Finished Spring Data repository scanning in 323 ms. Found 0 JDBC repository interfaces. 
2022-04-01 10:45:58 [] [restartedMain] [DEBUG] [org.apache.ibatis.logging.LogFactory] - Logging initialized using 'class org.apache.ibatis.logging.slf4j.Slf4jImpl' adapter. 
2022-04-01 10:45:59 [] [restartedMain] [DEBUG] [o.m.s.mapper.ClassPathMapperScanner] - Identified candidate component class: file [C:\Users\byun\Documents\rng\project\rng-proj\rng-demo\build\classes\java\main\com\lotterental\rng\demo\mapper\SampleMapper.class] 
2022-04-01 10:45:59 [] [restartedMain] [DEBUG] [o.m.s.mapper.ClassPathMapperScanner] - Creating MapperFactoryBean with name 'sampleMapper' and 'com.lotterental.rng.demo.mapper.SampleMapper' mapperInterface 
2022-04-01 10:45:59 [] [restartedMain] [DEBUG] [o.m.s.mapper.ClassPathMapperScanner] - Enabling autowire by type for MapperFactoryBean with name 'sampleMapper'. 
2022-04-01 10:46:00 [] [restartedMain] [INFO ] [o.s.c.s.PostProcessorRegistrationDelegate$BeanPostProcessorChecker] - Bean 'DBConfig' of type [com.lotterental.rng.config.DBConfig$$EnhancerBySpringCGLIB$$ac9dd635] is not eligible for getting processed by all BeanPostProcessors (for example: not eligible for auto-proxying) 
2022-04-01 10:46:00 [] [restartedMain] [DEBUG] [com.zaxxer.hikari.HikariConfig] - Driver class org.hsqldb.jdbc.JDBCDriver found in Thread context class loader org.springframework.boot.devtools.restart.classloader.RestartClassLoader@20cd5d4e 
2022-04-01 10:46:00 [] [restartedMain] [INFO ] [o.s.c.s.PostProcessorRegistrationDelegate$BeanPostProcessorChecker] - Bean 'dataSource' of type [com.zaxxer.hikari.HikariDataSource] is not eligible for getting processed by all BeanPostProcessors (for example: not eligible for auto-proxying) 
2022-04-01 10:46:00 [] [restartedMain] [INFO ] [o.s.c.s.PostProcessorRegistrationDelegate$BeanPostProcessorChecker] - Bean 'transactionManager' of type [org.springframework.jdbc.datasource.DataSourceTransactionManager] is not eligible for getting processed by all BeanPostProcessors (for example: not eligible for auto-proxying) 
2022-04-01 10:46:00 [] [restartedMain] [INFO ] [o.s.c.s.PostProcessorRegistrationDelegate$BeanPostProcessorChecker] - Bean 'TRConfig' of type [com.lotterental.rng.config.TRConfig$$EnhancerBySpringCGLIB$$40aa9835] is not eligible for getting processed by all BeanPostProcessors (for example: not eligible for auto-proxying) 
2022-04-01 10:46:00 [] [restartedMain] [INFO ] [o.s.c.s.PostProcessorRegistrationDelegate$BeanPostProcessorChecker] - Bean 'transactionAdvice' of type [org.springframework.transaction.interceptor.TransactionInterceptor] is not eligible for getting processed by all BeanPostProcessors (for example: not eligible for auto-proxying) 
2022-04-01 10:46:00 [] [restartedMain] [INFO ] [o.s.c.s.PostProcessorRegistrationDelegate$BeanPostProcessorChecker] - Bean 'transactionAdvisor' of type [org.springframework.aop.support.DefaultPointcutAdvisor] is not eligible for getting processed by all BeanPostProcessors (for example: not eligible for auto-proxying) 
2022-04-01 10:46:02 [] [restartedMain] [INFO ] [o.s.b.w.e.tomcat.TomcatWebServer] - Tomcat initialized with port(s): 8080 (http) 
2022-04-01 10:46:02 [] [restartedMain] [INFO ] [o.a.coyote.http11.Http11NioProtocol] - Initializing ProtocolHandler ["http-nio-8080"] 
2022-04-01 10:46:02 [] [restartedMain] [INFO ] [o.a.catalina.core.StandardService] - Starting service [Tomcat] 
2022-04-01 10:46:02 [] [restartedMain] [INFO ] [o.a.catalina.core.StandardEngine] - Starting Servlet engine: [Apache Tomcat/9.0.58] 
2022-04-01 10:46:04 [] [restartedMain] [INFO ] [org.apache.jasper.servlet.TldScanner] - At least one JAR was scanned for TLDs yet contained no TLDs. Enable debug logging for this logger for a complete list of JARs that were scanned but no TLDs were found in them. Skipping unneeded JARs during scanning can improve startup time and JSP compilation time. 
2022-04-01 10:46:05 [] [restartedMain] [INFO ] [o.a.c.c.C.[Tomcat].[localhost].[/]] - Initializing Spring embedded WebApplicationContext 
2022-04-01 10:46:05 [] [restartedMain] [INFO ] [o.s.b.w.s.c.ServletWebServerApplicationContext] - Root WebApplicationContext: initialization completed in 12364 ms 
2022-04-01 10:46:06 [] [restartedMain] [DEBUG] [o.m.spring.SqlSessionFactoryBean] - Parsed configuration file: 'class path resource [mybatis-config.xml]' 
2022-04-01 10:46:06 [] [restartedMain] [DEBUG] [o.m.spring.SqlSessionFactoryBean] - Parsed mapper file: 'file [C:\Users\byun\Documents\rng\project\rng-proj\rng-demo\build\resources\main\mapper\Sample.xml]' 
2022-04-01 10:46:06 [] [restartedMain] [DEBUG] [o.m.spring.SqlSessionFactoryBean] - Parsed mapper file: 'file [C:\Users\byun\Documents\rng\project\rng-proj\rng-demo\build\resources\main\mapper\TestDB.xml]' 
2022-04-01 10:46:07 [] [restartedMain] [DEBUG] [_.s.w.s.HandlerMapping.Mappings] - 
	c.l.r.d.c.SampleController:
	{ [/updateSampleList.do]}: updateSampleList(List,Locale)
	{ [/echo]}: echo(Map)
	{ [/selectSampleList.do]}: selectSampleList(Map) 
2022-04-01 10:46:07 [] [restartedMain] [DEBUG] [_.s.w.s.HandlerMapping.Mappings] - 
	o.s.b.a.w.s.e.BasicErrorController:
	{ [/error]}: error(HttpServletRequest)
	{ [/error], produces [text/html]}: errorHtml(HttpServletRequest,HttpServletResponse) 
2022-04-01 10:46:07 [] [restartedMain] [DEBUG] [_.s.w.s.HandlerMapping.Mappings] - 'viewControllerHandlerMapping' {/=ParameterizableViewController [view="forward:/index.html"]} 
2022-04-01 10:46:07 [] [restartedMain] [DEBUG] [_.s.w.s.HandlerMapping.Mappings] - 'beanNameHandlerMapping' {} 
2022-04-01 10:46:07 [] [restartedMain] [DEBUG] [_.s.w.s.HandlerMapping.Mappings] - 'resourceHandlerMapping' {/_resource_/**=ResourceHttpRequestHandler [classpath [static/sample/_resource_/]], /FrameBase/**=ResourceHttpRequestHandler [classpath [static/sample/FrameBase/]], /nexacro17lib/**=ResourceHttpRequestHandler [classpath [static/sample/nexacro17lib/]], /*.json=ResourceHttpRequestHandler [classpath [static/sample/]], /*.html=ResourceHttpRequestHandler [classpath [static/sample/]], /*.js=ResourceHttpRequestHandler [classpath [static/sample/]]} 
2022-04-01 10:46:07 [] [restartedMain] [DEBUG] [_.s.w.s.HandlerMapping.Mappings] - 'defaultServletHandlerMapping' {/**=org.springframework.web.servlet.resource.DefaultServletHttpRequestHandler@ed4323e} 
2022-04-01 10:46:07 [] [restartedMain] [DEBUG] [c.n.u.s.c.r.NexacroMethodArgumentResolver] - NexacroMethodArgumnetResolver() com.nexacro.uiadapter17.spring.core.resolve.NexacroMethodArgumentResolver@26d1502e 
2022-04-01 10:46:08 [] [restartedMain] [DEBUG] [o.m.s.b.a.MybatisAutoConfiguration] - Not found configuration for registering mapper bean using @MapperScan, MapperFactoryBean and MapperScannerConfigurer. 
2022-04-01 10:46:09 [] [restartedMain] [DEBUG] [com.zaxxer.hikari.HikariConfig] - HikariPool-1 - configuration: 
2022-04-01 10:46:09 [] [restartedMain] [DEBUG] [com.zaxxer.hikari.HikariConfig] - allowPoolSuspension................................false 
2022-04-01 10:46:09 [] [restartedMain] [DEBUG] [com.zaxxer.hikari.HikariConfig] - autoCommit................................true 
2022-04-01 10:46:09 [] [restartedMain] [DEBUG] [com.zaxxer.hikari.HikariConfig] - catalog................................none 
2022-04-01 10:46:09 [] [restartedMain] [DEBUG] [com.zaxxer.hikari.HikariConfig] - connectionInitSql................................none 
2022-04-01 10:46:09 [] [restartedMain] [DEBUG] [com.zaxxer.hikari.HikariConfig] - connectionTestQuery................................"SELECT 1 FROM INFORMATION_SCHEMA.SYSTEM_USERS" 
2022-04-01 10:46:09 [] [restartedMain] [DEBUG] [com.zaxxer.hikari.HikariConfig] - connectionTimeout................................30000 
2022-04-01 10:46:09 [] [restartedMain] [DEBUG] [com.zaxxer.hikari.HikariConfig] - dataSource................................none 
2022-04-01 10:46:09 [] [restartedMain] [DEBUG] [com.zaxxer.hikari.HikariConfig] - dataSourceClassName................................none 
2022-04-01 10:46:09 [] [restartedMain] [DEBUG] [com.zaxxer.hikari.HikariConfig] - dataSourceJNDI................................none 
2022-04-01 10:46:09 [] [restartedMain] [DEBUG] [com.zaxxer.hikari.HikariConfig] - dataSourceProperties................................{password=<masked>} 
2022-04-01 10:46:09 [] [restartedMain] [DEBUG] [com.zaxxer.hikari.HikariConfig] - driverClassName................................"org.hsqldb.jdbc.JDBCDriver" 
2022-04-01 10:46:09 [] [restartedMain] [DEBUG] [com.zaxxer.hikari.HikariConfig] - exceptionOverrideClassName................................none 
2022-04-01 10:46:09 [] [restartedMain] [DEBUG] [com.zaxxer.hikari.HikariConfig] - healthCheckProperties................................{} 
2022-04-01 10:46:09 [] [restartedMain] [DEBUG] [com.zaxxer.hikari.HikariConfig] - healthCheckRegistry................................none 
2022-04-01 10:46:09 [] [restartedMain] [DEBUG] [com.zaxxer.hikari.HikariConfig] - idleTimeout................................30000 
2022-04-01 10:46:09 [] [restartedMain] [DEBUG] [com.zaxxer.hikari.HikariConfig] - initializationFailTimeout................................1 
2022-04-01 10:46:09 [] [restartedMain] [DEBUG] [com.zaxxer.hikari.HikariConfig] - isolateInternalQueries................................false 
2022-04-01 10:46:09 [] [restartedMain] [DEBUG] [com.zaxxer.hikari.HikariConfig] - jdbcUrl................................jdbc:hsqldb:mem:testdb;DB_CLOSE_DELAY=-1 
2022-04-01 10:46:09 [] [restartedMain] [DEBUG] [com.zaxxer.hikari.HikariConfig] - keepaliveTime................................0 
2022-04-01 10:46:09 [] [restartedMain] [DEBUG] [com.zaxxer.hikari.HikariConfig] - leakDetectionThreshold................................48000 
2022-04-01 10:46:09 [] [restartedMain] [DEBUG] [com.zaxxer.hikari.HikariConfig] - maxLifetime................................1800000 
2022-04-01 10:46:09 [] [restartedMain] [DEBUG] [com.zaxxer.hikari.HikariConfig] - maximumPoolSize................................50 
2022-04-01 10:46:09 [] [restartedMain] [DEBUG] [com.zaxxer.hikari.HikariConfig] - metricRegistry................................none 
2022-04-01 10:46:09 [] [restartedMain] [DEBUG] [com.zaxxer.hikari.HikariConfig] - metricsTrackerFactory................................none 
2022-04-01 10:46:09 [] [restartedMain] [DEBUG] [com.zaxxer.hikari.HikariConfig] - minimumIdle................................5 
2022-04-01 10:46:09 [] [restartedMain] [DEBUG] [com.zaxxer.hikari.HikariConfig] - password................................<masked> 
2022-04-01 10:46:09 [] [restartedMain] [DEBUG] [com.zaxxer.hikari.HikariConfig] - poolName................................"HikariPool-1" 
2022-04-01 10:46:09 [] [restartedMain] [DEBUG] [com.zaxxer.hikari.HikariConfig] - readOnly................................false 
2022-04-01 10:46:09 [] [restartedMain] [DEBUG] [com.zaxxer.hikari.HikariConfig] - registerMbeans................................false 
2022-04-01 10:46:09 [] [restartedMain] [DEBUG] [com.zaxxer.hikari.HikariConfig] - scheduledExecutor................................none 
2022-04-01 10:46:09 [] [restartedMain] [DEBUG] [com.zaxxer.hikari.HikariConfig] - schema................................none 
2022-04-01 10:46:09 [] [restartedMain] [DEBUG] [com.zaxxer.hikari.HikariConfig] - threadFactory................................internal 
2022-04-01 10:46:09 [] [restartedMain] [DEBUG] [com.zaxxer.hikari.HikariConfig] - transactionIsolation................................default 
2022-04-01 10:46:09 [] [restartedMain] [DEBUG] [com.zaxxer.hikari.HikariConfig] - username................................"sa" 
2022-04-01 10:46:09 [] [restartedMain] [DEBUG] [com.zaxxer.hikari.HikariConfig] - validationTimeout................................5000 
2022-04-01 10:46:09 [] [restartedMain] [INFO ] [com.zaxxer.hikari.HikariDataSource] - HikariPool-1 - Starting... 
2022-04-01 10:46:10 [] [restartedMain] [INFO ] [com.zaxxer.hikari.pool.PoolBase] - HikariPool-1 - Driver does not support get/set network timeout for connections. (feature not supported) 
2022-04-01 10:46:10 [] [restartedMain] [DEBUG] [com.zaxxer.hikari.pool.HikariPool] - HikariPool-1 - Added connection org.hsqldb.jdbc.JDBCConnection@53a7a34a 
2022-04-01 10:46:10 [] [restartedMain] [INFO ] [com.zaxxer.hikari.HikariDataSource] - HikariPool-1 - Start completed. 
2022-04-01 10:46:10 [] [HikariPool-1 housekeeper] [DEBUG] [com.zaxxer.hikari.pool.HikariPool] - HikariPool-1 - Before cleanup stats (total=1, active=1, idle=0, waiting=0) 
2022-04-01 10:46:10 [] [HikariPool-1 housekeeper] [DEBUG] [com.zaxxer.hikari.pool.HikariPool] - HikariPool-1 - After cleanup  stats (total=1, active=1, idle=0, waiting=0) 
2022-04-01 10:46:10 [] [HikariPool-1 connection adder] [DEBUG] [com.zaxxer.hikari.pool.HikariPool] - HikariPool-1 - Added connection org.hsqldb.jdbc.JDBCConnection@5ffdc4f0 
2022-04-01 10:46:10 [] [HikariPool-1 connection adder] [DEBUG] [com.zaxxer.hikari.pool.HikariPool] - HikariPool-1 - Added connection org.hsqldb.jdbc.JDBCConnection@1ec0cecb 
2022-04-01 10:46:10 [] [HikariPool-1 connection adder] [DEBUG] [com.zaxxer.hikari.pool.HikariPool] - HikariPool-1 - Added connection org.hsqldb.jdbc.JDBCConnection@2f14f7d7 
2022-04-01 10:46:10 [] [HikariPool-1 connection adder] [DEBUG] [com.zaxxer.hikari.pool.HikariPool] - HikariPool-1 - Added connection org.hsqldb.jdbc.JDBCConnection@7eef3184 
2022-04-01 10:46:20 [] [restartedMain] [INFO ] [o.s.b.d.a.OptionalLiveReloadServer] - LiveReload server is running on port 35729 
2022-04-01 10:46:20 [] [restartedMain] [INFO ] [o.a.coyote.http11.Http11NioProtocol] - Starting ProtocolHandler ["http-nio-8080"] 
2022-04-01 10:46:20 [] [restartedMain] [INFO ] [o.s.b.w.e.tomcat.TomcatWebServer] - Tomcat started on port(s): 8080 (http) with context path '' 
2022-04-01 10:46:20 [] [restartedMain] [INFO ] [c.lotterental.rng.RngDemoApplication] - Started RngDemoApplication in 31.303 seconds (JVM running for 38.313) 
2022-04-01 10:46:40 [] [HikariPool-1 housekeeper] [DEBUG] [com.zaxxer.hikari.pool.HikariPool] - HikariPool-1 - Before cleanup stats (total=5, active=0, idle=5, waiting=0) 
2022-04-01 10:46:40 [] [HikariPool-1 housekeeper] [DEBUG] [com.zaxxer.hikari.pool.HikariPool] - HikariPool-1 - After cleanup  stats (total=5, active=0, idle=5, waiting=0) 
2022-04-01 10:46:40 [] [HikariPool-1 housekeeper] [DEBUG] [com.zaxxer.hikari.pool.HikariPool] - HikariPool-1 - Fill pool skipped, pool is at sufficient level. 
2022-04-01 10:47:10 [] [HikariPool-1 housekeeper] [DEBUG] [com.zaxxer.hikari.pool.HikariPool] - HikariPool-1 - Before cleanup stats (total=5, active=0, idle=5, waiting=0) 
2022-04-01 10:47:10 [] [HikariPool-1 housekeeper] [DEBUG] [com.zaxxer.hikari.pool.HikariPool] - HikariPool-1 - After cleanup  stats (total=5, active=0, idle=5, waiting=0) 
2022-04-01 10:47:10 [] [HikariPool-1 housekeeper] [DEBUG] [com.zaxxer.hikari.pool.HikariPool] - HikariPool-1 - Fill pool skipped, pool is at sufficient level. 
2022-04-01 10:47:40 [] [HikariPool-1 housekeeper] [DEBUG] [com.zaxxer.hikari.pool.HikariPool] - HikariPool-1 - Before cleanup stats (total=5, active=0, idle=5, waiting=0) 
2022-04-01 10:47:40 [] [HikariPool-1 housekeeper] [DEBUG] [com.zaxxer.hikari.pool.HikariPool] - HikariPool-1 - After cleanup  stats (total=5, active=0, idle=5, waiting=0) 
2022-04-01 10:47:40 [] [HikariPool-1 housekeeper] [DEBUG] [com.zaxxer.hikari.pool.HikariPool] - HikariPool-1 - Fill pool skipped, pool is at sufficient level. 
2022-04-01 10:48:10 [] [HikariPool-1 housekeeper] [DEBUG] [com.zaxxer.hikari.pool.HikariPool] - HikariPool-1 - Before cleanup stats (total=5, active=0, idle=5, waiting=0) 
2022-04-01 10:48:10 [] [HikariPool-1 housekeeper] [DEBUG] [com.zaxxer.hikari.pool.HikariPool] - HikariPool-1 - After cleanup  stats (total=5, active=0, idle=5, waiting=0) 
2022-04-01 10:48:10 [] [HikariPool-1 housekeeper] [DEBUG] [com.zaxxer.hikari.pool.HikariPool] - HikariPool-1 - Fill pool skipped, pool is at sufficient level. 
2022-04-01 10:48:40 [] [HikariPool-1 housekeeper] [DEBUG] [com.zaxxer.hikari.pool.HikariPool] - HikariPool-1 - Before cleanup stats (total=5, active=0, idle=5, waiting=0) 
2022-04-01 10:48:40 [] [HikariPool-1 housekeeper] [DEBUG] [com.zaxxer.hikari.pool.HikariPool] - HikariPool-1 - After cleanup  stats (total=5, active=0, idle=5, waiting=0) 
2022-04-01 10:48:40 [] [HikariPool-1 housekeeper] [DEBUG] [com.zaxxer.hikari.pool.HikariPool] - HikariPool-1 - Fill pool skipped, pool is at sufficient level. 
2022-04-01 10:48:41 [] [SpringApplicationShutdownHook] [INFO ] [com.zaxxer.hikari.HikariDataSource] - HikariPool-1 - Shutdown initiated... 
2022-04-01 10:48:41 [] [SpringApplicationShutdownHook] [DEBUG] [com.zaxxer.hikari.pool.HikariPool] - HikariPool-1 - Before shutdown stats (total=5, active=0, idle=5, waiting=0) 
2022-04-01 10:48:41 [] [HikariPool-1 connection closer] [DEBUG] [com.zaxxer.hikari.pool.PoolBase] - HikariPool-1 - Closing connection org.hsqldb.jdbc.JDBCConnection@53a7a34a: (connection evicted) 
2022-04-01 10:48:41 [] [HikariPool-1 connection closer] [DEBUG] [com.zaxxer.hikari.pool.PoolBase] - HikariPool-1 - Closing connection org.hsqldb.jdbc.JDBCConnection@5ffdc4f0: (connection evicted) 
2022-04-01 10:48:41 [] [HikariPool-1 connection closer] [DEBUG] [com.zaxxer.hikari.pool.PoolBase] - HikariPool-1 - Closing connection org.hsqldb.jdbc.JDBCConnection@1ec0cecb: (connection evicted) 
2022-04-01 10:48:41 [] [HikariPool-1 connection closer] [DEBUG] [com.zaxxer.hikari.pool.PoolBase] - HikariPool-1 - Closing connection org.hsqldb.jdbc.JDBCConnection@2f14f7d7: (connection evicted) 
2022-04-01 10:48:41 [] [HikariPool-1 connection closer] [DEBUG] [com.zaxxer.hikari.pool.PoolBase] - HikariPool-1 - Closing connection org.hsqldb.jdbc.JDBCConnection@7eef3184: (connection evicted) 
2022-04-01 10:48:41 [] [SpringApplicationShutdownHook] [DEBUG] [com.zaxxer.hikari.pool.HikariPool] - HikariPool-1 - After shutdown stats (total=0, active=0, idle=0, waiting=0) 
2022-04-01 10:48:41 [] [SpringApplicationShutdownHook] [INFO ] [com.zaxxer.hikari.HikariDataSource] - HikariPool-1 - Shutdown completed. 
